Diagnose log at 2025-09-06T21:21:38Z

AppPath: C:\Program Files\Git\mingw64\bin\git-credential-manager.exe
InstallDir: C:\Program Files\Git\mingw64\bin\
Version: 2.6.1+786ab03440ddc82e807a97c0e540f5247e44cec6

------------
Diagnostic: Environment
Skipped: False
Success: True
Exception: None
Log:
OSType: Windows
OSVersion: 10.0 (build 22631)
Reading environment variables... OK
 Variables:
PROCESSOR_ARCHITEW6432=AMD64
POSH_INSTALLER=winget
COMPUTERNAME=BINDOWSSLAVE
DriverData=C:\Windows\System32\Drivers\DriverData
GIT_TRACE2_PARENT_SID=7ce42ba4-6fd3-4e6d-b621-aff502a4a3a5
CommonProgramFiles(x86)=C:\Program Files (x86)\Common Files
ProgramW6432=C:\Program Files
OneDrive=C:\Users\Flubber\OneDrive
ChocolateyLastPathUpdate=134016523157240927
WT_PROFILE_ID={61c54bbd-c2c6-5271-96e7-009a87ff44bf}
POSH_CURSOR_COLUMN=1
HOMEPATH=\Users\Flubber
GIT_INSTALL_ROOT=C:\Users\Flubber\scoop\apps\git\current
TMP=C:\Users\Flubber\AppData\Local\Temp
PROCESSOR_REVISION=5000
USERDOMAIN=BINDOWSSLAVE
PATHEXT=.COM;.EXE;.BAT;.CMD;.VBS;.VBE;.JS;.JSE;.WSF;.WSH;.MSC;.CPL
POWERSHELL_DISTRIBUTION_CHANNEL=MSI:Windows 10 Pro
TEMP=C:\Users\Flubber\AppData\Local\Temp
LOCALAPPDATA=C:\Users\Flubber\AppData\Local
PUBLIC=C:\Users\Public
PROCESSOR_IDENTIFIER=AMD64 Family 25 Model 80 Stepping 0, AuthenticAMD
POSH_THEMES_PATH=C:\Users\Flubber\AppData\Local\Programs\oh-my-posh\themes
OculusBase=C:\Program Files\Oculus\
Path=C:\Program Files\PowerShell\7;C:\Program Files\Common Files\Oracle\Java\javapath;C:\Program Files\Oculus\Support\oculus-runtime;C:\WINDOWS\system32;C:\WINDOWS;C:\WINDOWS\System32\Wbem;C:\WINDOWS\System32\WindowsPowerShell\v1.0\;C:\WINDOWS\System32\OpenSSH\;C:\Program Files\PowerShell\7\;C:\Program Files\dotnet\;C:\Program Files (x86)\NVIDIA Corporation\PhysX\Common;C:\WINDOWS\AtlasModules;C:\WINDOWS\AtlasModules\Apps;C:\WINDOWS\AtlasModules\Other;C:\WINDOWS\AtlasModules\Tools;C:\WINDOWS\AtlasModules\Scripts;C:\DeveloperWork\hemmt;C:\Program Files\GitHub CLI\;C:\Program Files\NVIDIA Corporation\NVIDIA app\NvDLISR;C:\Program Files\Common Files\Autodesk Shared\;C:\ProgramData\chocolatey\bin;C:\TDM-GCC-64\bin;C:\Program Files\Git\cmd;C:\Program Files\Git\mingw64\bin;C:\Program Files\Git\usr\bin;C:\Users\Flubber\AppData\Local\Programs\Python\Python312\Scripts\;C:\Users\Flubber\AppData\Local\Programs\Python\Python312\;C:\Users\Flubber\AppData\Local\Programs\Python\Launcher\;C:\Users\Flubber\scoop\apps\mpv\current;C:\Users\Flubber\scoop\shims;C:\Users\Flubber\AppData\Local\Microsoft\WindowsApps;C:\Users\Flubber\AppData\Local\Programs\oh-my-posh\bin;C:\Users\Flubber\AppData\Local\Programs\VSCodium\bin;C:\Users\Flubber\AppData\Local\Microsoft\WinGet\Packages\Tixati.Tixati.Portable_Microsoft.Winget.Source_8wekyb3d8bbwe\Tixati_portable;C:\Users\Flubber\AppData\Local\Microsoft\WinGet\Packages\BrettMayson.HEMTT_Microsoft.Winget.Source_8wekyb3d8bbwe;C:\Users\Flubber\AppData\Local\Muse Hub\lib;C:\ProgramData\mingw64\mingw64\bin;C:\Users\Flubber\.dotnet\tools;X:\VSC\bin
PROCESSOR_LEVEL=25
NUMBER_OF_PROCESSORS=12
ProgramFiles(x86)=C:\Program Files (x86)
CommonProgramFiles=C:\Program Files (x86)\Common Files
WT_SESSION=e8e7c468-87b3-47da-a801-31dd6b6d8d69
WSLENV=WT_SESSION:WT_PROFILE_ID:
USERPROFILE=C:\Users\Flubber
ProgramData=C:\ProgramData
ProgramFiles=C:\Program Files (x86)
ChocolateyInstall=C:\ProgramData\chocolatey
POSH_PID=17152
CONDA_PROMPT_MODIFIER=False
POSH_CURSOR_LINE=30
POWERLINE_COMMAND=oh-my-posh
SESSIONNAME=Console
SystemRoot=C:\WINDOWS
CommonProgramW6432=C:\Program Files\Common Files
LOGONSERVER=\\BINDOWSSLAVE
POSH_SHELL_VERSION=7.4.5
POSH_THEME=C:\Users\Flubber\velvet.omp.json
USERDOMAIN_ROAMINGPROFILE=BINDOWSSLAVE
APPDATA=C:\Users\Flubber\AppData\Roaming
HOMEDRIVE=C:
PSModulePath=C:\Users\Flubber\Documents\PowerShell\Modules;C:\Program Files\PowerShell\Modules;c:\program files\powershell\7\Modules;C:\Program Files\WindowsPowerShell\Modules;C:\WINDOWS\system32\WindowsPowerShell\v1.0\Modules
ADSK_3DSMAX_x64_2022=X:\3DS Max\3ds Max 2022\
USERNAME=Flubber
PROCESSOR_ARCHITECTURE=x86
OS=Windows_NT
ComSpec=C:\WINDOWS\system32\cmd.exe
SystemDrive=C:
windir=C:\WINDOWS
OneDriveConsumer=C:\Users\Flubber\OneDrive
ALLUSERSPROFILE=C:\ProgramData


------------
Diagnostic: File system
Skipped: False
Success: True
Exception: None
Log:
Temporary directory is 'C:\Users\Flubber\AppData\Local\Temp\'...
Checking basic file I/O...
Writing to temporary file 'C:\Users\Flubber\AppData\Local\Temp\5e6c4456bd94f0cbed16c1f0'... OK
Reading from temporary file 'C:\Users\Flubber\AppData\Local\Temp\5e6c4456bd94f0cbed16c1f0'... OK
Deleting temporary file 'C:\Users\Flubber\AppData\Local\Temp\5e6c4456bd94f0cbed16c1f0'... OK
Testing IFileSystem instance...
UserHomePath: C:\Users\Flubber
UserDataDirectoryPath: C:\Users\Flubber\.gcm
GetCurrentDirectory(): X:\Dk2ModlistManager\DK2ModManager

------------
Diagnostic: Networking
Skipped: False
Success: True
Exception: None
Log:
Checking networking and HTTP stack...
Creating HTTP client... OK
IsNetworkAvailable: True
Sending HEAD request to http://example.com...Sending HEAD request to https://example.com... OK
 OK
Acquiring free TCP port... OK
Testing local HTTP loopback connections...
Creating new HTTP listener for http://localhost:55787/... OK
Waiting for loopback connection... OK
Writing response... OK
Waiting for response data... OK
Loopback connection data OK

------------
Diagnostic: Git
Skipped: False
Success: True
Exception: None
Log:
Getting Git version... OK
Git version is '2.51.0.windows.1'
Locating current repository...Git repository at 'X:/Dk2ModlistManager/DK2ModManager/.git'
 OK
Listing all Git configuration... OK
Git configuration:
file:C:/Program Files/Git/etc/gitconfig	diff.astextplain.textconv=astextplain
file:C:/Program Files/Git/etc/gitconfig	filter.lfs.clean=git-lfs clean -- %f
file:C:/Program Files/Git/etc/gitconfig	filter.lfs.smudge=git-lfs smudge -- %f
file:C:/Program Files/Git/etc/gitconfig	filter.lfs.process=git-lfs filter-process
file:C:/Program Files/Git/etc/gitconfig	filter.lfs.required=true
file:C:/Program Files/Git/etc/gitconfig	http.sslbackend=schannel
file:C:/Program Files/Git/etc/gitconfig	core.autocrlf=input
file:C:/Program Files/Git/etc/gitconfig	core.fscache=true
file:C:/Program Files/Git/etc/gitconfig	core.symlinks=true
file:C:/Program Files/Git/etc/gitconfig	pull.ff=only
file:C:/Program Files/Git/etc/gitconfig	credential.helper=manager
file:C:/Program Files/Git/etc/gitconfig	credential.https://dev.azure.com.usehttppath=true
file:C:/Program Files/Git/etc/gitconfig	init.defaultbranch=master
file:C:/Users/Flubber/.gitconfig	credential.helper=manager
file:C:/Users/Flubber/.gitconfig	user.email=realfluffyuwu@proton.me
file:C:/Users/Flubber/.gitconfig	user.name=Jordon Collister
file:C:/Users/Flubber/.gitconfig	user.signingkey=C:\Users\Flubber\.ssh\keys\fluffySignKey
file:C:/Users/Flubber/.gitconfig	gpg.format=ssh
file:C:/Users/Flubber/.gitconfig	credential.helperselector.selected=manager
file:C:/Users/Flubber/.gitconfig	push.autosetupremote=true
file:C:/Users/Flubber/.gitconfig	pull.rebase=true
file:C:/Users/Flubber/.gitconfig	core.longpaths=true
file:C:/Users/Flubber/.gitconfig	core.autocrlf=true
file:C:/Users/Flubber/.gitconfig	core.editor="X:\VSC\bin\code" --wait
file:C:/Users/Flubber/.gitconfig	http.postbuffer=524288000
file:C:/Users/Flubber/.gitconfig	http.maxrequestbuffer=524288000
file:C:/Users/Flubber/.gitconfig	difftool.sourcetree.cmd='' 
file:C:/Users/Flubber/.gitconfig	mergetool.sourcetree.cmd='' 
file:C:/Users/Flubber/.gitconfig	mergetool.sourcetree.trustexitcode=false
file:C:/Users/Flubber/.gitconfig	mergetool.sourcetree.keepbackup=false
file:.git/config	core.repositoryformatversion=0
file:.git/config	core.filemode=false
file:.git/config	core.bare=false
file:.git/config	core.logallrefupdates=true
file:.git/config	core.symlinks=false
file:.git/config	core.ignorecase=true
file:.git/config	remote.origin.url=git@github.com:realfluffyuwu/DK2ModManager.git
file:.git/config	remote.origin.fetch=+refs/heads/*:refs/remotes/origin/*
file:.git/config	branch.master.remote=origin
file:.git/config	branch.master.merge=refs/heads/master
file:.git/config	branch.master.vscode-merge-base=origin/master


------------
Diagnostic: Credential storage
Skipped: False
Success: True
Exception: None
Log:
ICredentialStore instance is of type: CredentialStore
Writing test credential... OK
Reading test credential... OK
Deleting test credential... OK

------------
Diagnostic: Microsoft authentication (AAD/MSA)
Skipped: False
Success: True
Exception: None
Log:
Broker is not enabled.
Flow type is: Auto
Gathering MSAL token cache data... OK
CacheDirectory: C:\Users\Flubber\AppData\Local\.IdentityService
CacheFileName: msal.cache
CacheFilePath: C:\Users\Flubber\AppData\Local\.IdentityService\msal.cache
Creating cache helper... OK
Verifying MSAL token cache persistence... OK

------------
Diagnostic: GitHub API
Skipped: False
Success: True
Exception: None
Log:
Using 'https://github.com/' as API target.
Querying '/meta' endpoint... OK

